[debug] [2020-02-09T15:04:50.491Z] ----------------------------------------------------------------------
[debug] [2020-02-09T15:04:50.493Z] Command:       /Users/sakaguchiyuuki/.nodenv/versions/12.14.0/bin/node /Users/sakaguchiyuuki/.nodenv/versions/12.14.0/bin/firebase serve
[debug] [2020-02-09T15:04:50.493Z] CLI Version:   7.12.1
[debug] [2020-02-09T15:04:50.493Z] Platform:      darwin
[debug] [2020-02-09T15:04:50.493Z] Node Version:  v12.14.0
[debug] [2020-02-09T15:04:50.494Z] Time:          Mon Feb 10 2020 00:04:50 GMT+0900 (GMT+09:00)
[debug] [2020-02-09T15:04:50.494Z] ----------------------------------------------------------------------
[debug] [2020-02-09T15:04:50.494Z] 
[debug] [2020-02-09T15:04:50.504Z] > command requires scopes: ["email","openid","https://www.googleapis.com/auth/cloudplatformprojects.readonly","https://www.googleapis.com/auth/firebase","https://www.googleapis.com/auth/cloud-platform"]
[debug] [2020-02-09T15:04:50.505Z] > authorizing via signed-in user
[debug] [2020-02-09T15:04:50.505Z] [iam] checking project todolist-402ab for permissions ["firebase.projects.get"]
[debug] [2020-02-09T15:04:50.506Z] >>> HTTP REQUEST POST https://cloudresourcemanager.googleapis.com/v1/projects/todolist-402ab:testIamPermissions  

[debug] [2020-02-09T15:04:51.281Z] <<< HTTP RESPONSE 200
[debug] [2020-02-09T15:04:51.289Z] >>> HTTP REQUEST GET https://firebase.googleapis.com/v1beta1/projects/todolist-402ab  
 
[debug] [2020-02-09T15:04:51.725Z] <<< HTTP RESPONSE 200
[info] 
[info] === Serving from '/Users/sakaguchiyuuki/work/github/react-todo-firebase'...
[info] 
[debug] [2020-02-09T15:04:51.728Z] >>> HTTP REQUEST GET https://firebase.googleapis.com/v1beta1/projects/todolist-402ab/webApps/-/config  
 
[debug] [2020-02-09T15:04:53.019Z] <<< HTTP RESPONSE 200
[info] i  hosting: Serving hosting files from: build
[info] ✔  hosting: Local server: http://localhost:5000
